2024-01-21 09:09:13,316:INFO:N 20
2024-01-21 09:09:13,316:INFO:threshold 4000
2024-01-21 09:09:13,316:INFO:weight_vector [ 31.0606193   17.76998384  38.94699207  90.14758892  15.67767737
  74.21906804  38.0490325  100.72530949  69.08240304  81.0879736
  62.75916797  43.6096013   42.38562337  81.54921031  52.54852718
  76.58170445  51.00466648  72.43904997   7.50397024  43.15502731]
2024-01-21 09:09:13,316:INFO:d [4.601728641197808, 4.673270550831408, 4.784667788654832, 4.387834842133318, 4.769598138079172, 3.1346215989790824, 4.361450770812591, 4.449847857867327, 4.355148367582407, 2.6658949772539664, 3.6953032083167345, 3.4085439970463733, 3.5609279174046056, 3.2304719263924637, 2.946078081113176, 3.3095869490702032, 4.441154370976026, 4.137712995766998, 3.399129901042463, 4.044254270541923]
2024-01-21 09:09:13,316:INFO:f [1.42019563e+08 1.37011540e+08 1.20104920e+08 2.78394743e+08
 3.21906177e+08 3.22958765e+08 2.01748725e+08 3.29891832e+08
 3.12807589e+08 2.46828064e+08 1.22033822e+08 3.38791470e+08
 3.62293124e+08 2.85339570e+08 3.96114505e+08 2.89991078e+08
 1.95818754e+08 1.20181546e+08 1.47910022e+08 4.23916961e+08]
2024-01-21 09:09:13,316:INFO:p_hap 3
2024-01-21 09:09:13,316:INFO:eta 0.51
2024-01-21 09:09:13,316:INFO:de 2.8
2024-01-21 09:09:13,316:INFO:Ad 411
2024-01-21 09:09:13,316:INFO:fc 915000000.0
2024-01-21 09:09:13,317:INFO:h [0.00021078312445655718, 0.00020187198986939655, 0.00018898600442768338, 0.00024083183222457956, 0.0001906626578482094, 0.0006175843917693697, 0.0002449333502886473, 0.0002315518191807763, 0.0002459270946157332, 0.0009719728868901773, 0.0003895780065764105, 0.0004884518071429509, 0.00043215320821352065, 0.0005676360024629209, 0.0007347350265873339, 0.0005304543626840598, 0.00023282318110448135, 0.00028384786692815274, 0.0004922490868458423, 0.0003025986490002489]
2024-01-21 09:09:13,317:INFO:B 2000000.0
2024-01-21 09:09:13,317:INFO:v 1.0
2024-01-21 09:09:13,317:INFO:p 0.1
2024-01-21 09:09:13,317:INFO:N_0 1e-10
2024-01-21 09:09:13,317:INFO:R_u [35370813.37323864, 35246176.73763953, 35055855.01255638, 35755345.11893864, 35081340.708133906, 38472558.2045029, 35804071.18035168, 35641963.59310899, 35815754.062072545, 39781116.05851083, 37143112.82155737, 37795719.30892193, 37442373.36868148, 38229218.22326525, 38973732.98200321, 38033743.658528686, 35657762.75735767, 36229526.91418201, 37818063.87018591, 36414101.57708343]
2024-01-21 09:09:13,317:INFO:R_d [45184581.33188033, 45059944.112163745, 44869621.44499381, 45569114.72861181, 44895107.27035707, 48286334.87940102, 45617840.98396256, 45455732.738624126, 45629523.91169845, 49594894.3800913, 46956886.85321543, 47609494.7898367, 47256148.10568962, 48042994.50075613, 48787510.377010256, 47847519.59159744, 45471531.96864982, 46043298.27898969, 47631839.39515072, 46227873.55079186]
2024-01-21 09:09:13,317:INFO:phi 100
2024-01-21 09:09:13,317:INFO:T 1
2024-01-21 09:09:13,317:INFO:k 1e-26
2024-01-21 09:09:13,317:INFO:f_hap 1000000000.0
2024-01-21 09:09:13,320:INFO:len_X 42
2024-01-21 09:09:13,320:INFO:len_Constraints(except Non-negative constraints) 61
2024-01-21 09:09:13,320:INFO:size_c 103
2024-01-21 09:09:13,320:INFO:size_A [61, 103]
2024-01-21 09:09:13,320:INFO:size_b 61
2024-01-21 09:09:13,320:INFO:c [0, 0, -31.060619296730472, -31.060619296730472, -17.769983842940505, -17.769983842940505, -38.94699206614279, -38.94699206614279, -90.14758892253543, -90.14758892253543, -15.677677365779173, -15.677677365779173, -74.21906804047687, -74.21906804047687, -38.04903250134565, -38.04903250134565, -100.72530948667473, -100.72530948667473, -69.08240303928186, -69.08240303928186, -81.08797359930601, -81.08797359930601, -62.75916797461022, -62.75916797461022, -43.609601300436076, -43.609601300436076, -42.385623368624366, -42.385623368624366, -81.54921030880826, -81.54921030880826, -52.54852718069416, -52.54852718069416, -76.58170445401994, -76.58170445401994, -51.00466647538361, -51.00466647538361, -72.43904997412962, -72.43904997412962, -7.503970242992551, -7.503970242992551, -43.15502731427483, -43.15502731427483, 0, 0, 0, 0, 0, 0, 0, 0, 0, 0, 0, 0, 0, 0, 0, 0, 0, 0, 0, 0, 0, 0, 0, 0, 0, 0, 0, 0, 0, 0, 0, 0, 0, 0, 0, 0, 0, 0, 0, 0, 0, 0, 0, 0, 0, 0, 0, 0, 0, 0, 0, 0, 0, 0, 0, 0, 0, 0, 0, 0, 0]
2024-01-21 09:09:13,320:INFO:b [0, 0, 0, 0, 0, 0, 0, 0, 0, 0, 0, 0, 0, 0, 0, 0, 0, 0, 0, 0, 1, 0, 0, 0, 0, 0, 0, 0, 0, 0, 0, 0, 0, 0, 0, 0, 0, 0, 0, 0, 0, -4000, -4000, -4000, -4000, -4000, -4000, -4000, -4000, -4000, -4000, -4000, -4000, -4000, -4000, -4000, -4000, -4000, -4000, -4000, -4000]
2024-01-21 09:09:13,320:INFO:A [[0. 0. 0. ... 0. 0. 0.]
 [0. 0. 0. ... 0. 0. 0.]
 [0. 0. 0. ... 0. 0. 0.]
 ...
 [0. 0. 0. ... 1. 0. 0.]
 [0. 0. 0. ... 0. 1. 0.]
 [0. 0. 0. ... 0. 0. 1.]]
2024-01-21 09:09:14,264:INFO:len_X 42
2024-01-21 09:09:14,264:INFO:len_Constraints(except Non-negative constraints) 61
2024-01-21 09:09:14,264:INFO:size_c 103
2024-01-21 09:09:14,264:INFO:size_A [61, 103]
2024-01-21 09:09:14,264:INFO:size_b 61
2024-01-21 09:09:14,264:INFO:c [0, 0, -31.060619296730472, -31.060619296730472, -17.769983842940505, -17.769983842940505, -38.94699206614279, -38.94699206614279, -90.14758892253543, -90.14758892253543, -15.677677365779173, -15.677677365779173, -74.21906804047687, -74.21906804047687, -38.04903250134565, -38.04903250134565, -100.72530948667473, -100.72530948667473, -69.08240303928186, -69.08240303928186, -81.08797359930601, -81.08797359930601, -62.75916797461022, -62.75916797461022, -43.609601300436076, -43.609601300436076, -42.385623368624366, -42.385623368624366, -81.54921030880826, -81.54921030880826, -52.54852718069416, -52.54852718069416, -76.58170445401994, -76.58170445401994, -51.00466647538361, -51.00466647538361, -72.43904997412962, -72.43904997412962, -7.503970242992551, -7.503970242992551, -43.15502731427483, -43.15502731427483, 0, 0, 0, 0, 0, 0, 0, 0, 0, 0, 0, 0, 0, 0, 0, 0, 0, 0, 0, 0, 0, 0, 0, 0, 0, 0, 0, 0, 0, 0, 0, 0, 0, 0, 0, 0, 0, 0, 0, 0, 0, 0, 0, 0, 0, 0, 0, 0, 0, 0, 0, 0, 0, 0, 0, 0, 0, 0, 0, 0, 0]
2024-01-21 09:09:14,264:INFO:b [0, 0, 0, 0, 0, 0, 0, 0, 0, 0, 0, 0, 0, 0, 0, 0, 0, 0, 0, 0, 1, 0, 0, 0, 0, 0, 0, 0, 0, 0, 0, 0, 0, 0, 0, 0, 0, 0, 0, 0, 0, -4000, -4000, -4000, -4000, -4000, -4000, -4000, -4000, -4000, -4000, -4000, -4000, -4000, -4000, -4000, -4000, -4000, -4000, -4000, -4000]
2024-01-21 09:09:14,264:INFO:A [[0. 0. 0. ... 0. 0. 0.]
 [0. 0. 0. ... 0. 0. 0.]
 [0. 0. 0. ... 0. 0. 0.]
 ...
 [0. 0. 0. ... 1. 0. 0.]
 [0. 0. 0. ... 0. 1. 0.]
 [0. 0. 0. ... 0. 0. 1.]]
2024-01-21 09:09:15,220:INFO:len_X 42
2024-01-21 09:09:15,220:INFO:len_Constraints(except Non-negative constraints) 62
2024-01-21 09:09:15,220:INFO:size_c 104
2024-01-21 09:09:15,220:INFO:size_A [62, 104]
2024-01-21 09:09:15,220:INFO:size_b 62
2024-01-21 09:09:15,220:INFO:c [0, 0, -72.43904997412962, -72.43904997412962, -72.43904997412962, -7.503970242992551, -31.060619296730472, -31.060619296730472, -17.769983842940505, -17.769983842940505, -38.94699206614279, -38.94699206614279, -90.14758892253543, -90.14758892253543, -15.677677365779173, -15.677677365779173, -74.21906804047687, -74.21906804047687, -38.04903250134565, -38.04903250134565, -100.72530948667473, -100.72530948667473, -69.08240303928186, -69.08240303928186, -81.08797359930601, -81.08797359930601, -62.75916797461022, -62.75916797461022, -43.609601300436076, -43.609601300436076, -42.385623368624366, -42.385623368624366, -81.54921030880826, -81.54921030880826, -52.54852718069416, -52.54852718069416, -76.58170445401994, -76.58170445401994, -51.00466647538361, -51.00466647538361, -43.15502731427483, -43.15502731427483, 0, 0, 0, 0, 0, 0, 0, 0, 0, 0, 0, 0, 0, 0, 0, 0, 0, 0, 0, 0, 0, 0, 0, 0, 0, 0, 0, 0, 0, 0, 0, 0, 0, 0, 0, 0, 0, 0, 0, 0, 0, 0, 0, 0, 0, 0, 0, 0, 0, 0, 0, 0, 0, 0, 0, 0, 0, 0, 0, 0, 0, 0]
2024-01-21 09:09:15,220:INFO:b [1, 1, 0, 0, 0, 0, 0, 0, 0, 0, 0, 0, 0, 0, 0, 0, 0, 0, 0, 0, 0, 1, 0, 0, 0, 0, 0, 0, 0, 0, 0, 0, 0, 0, 0, 0, 0, 0, 0, 0, 0, 0, -4000, -4000, -4000, -4000, -4000, -4000, -4000, -4000, -4000, -4000, -4000, -4000, -4000, -4000, -4000, -4000, -4000, -4000, -4000, -4000]
2024-01-21 09:09:15,220:INFO:A [[ 1.  1.  0. ...  0.  0.  0.]
 [ 0.  0.  0. ...  0.  0.  0.]
 [ 0. -1.  0. ...  0.  0.  0.]
 ...
 [ 0.  0.  0. ...  1.  0.  0.]
 [ 0.  0.  0. ...  0.  1.  0.]
 [ 0.  0.  0. ...  0.  0.  1.]]
2024-01-21 09:09:16,115:INFO:len_X 42
2024-01-21 09:09:16,115:INFO:len_Constraints(except Non-negative constraints) 63
2024-01-21 09:09:16,115:INFO:size_c 105
2024-01-21 09:09:16,115:INFO:size_A [63, 105]
2024-01-21 09:09:16,115:INFO:size_b 63
2024-01-21 09:09:16,116:INFO:c [0, 0, -72.43904997412962, -72.43904997412962, -72.43904997412962, -7.503970242992551, -38.94699206614279, -38.94699206614279, -38.94699206614279, -52.54852718069416, -31.060619296730472, -31.060619296730472, -17.769983842940505, -17.769983842940505, -90.14758892253543, -90.14758892253543, -15.677677365779173, -15.677677365779173, -74.21906804047687, -74.21906804047687, -38.04903250134565, -38.04903250134565, -100.72530948667473, -100.72530948667473, -69.08240303928186, -69.08240303928186, -81.08797359930601, -81.08797359930601, -62.75916797461022, -62.75916797461022, -43.609601300436076, -43.609601300436076, -42.385623368624366, -42.385623368624366, -81.54921030880826, -81.54921030880826, -76.58170445401994, -76.58170445401994, -51.00466647538361, -51.00466647538361, -43.15502731427483, -43.15502731427483, 0, 0, 0, 0, 0, 0, 0, 0, 0, 0, 0, 0, 0, 0, 0, 0, 0, 0, 0, 0, 0, 0, 0, 0, 0, 0, 0, 0, 0, 0, 0, 0, 0, 0, 0, 0, 0, 0, 0, 0, 0, 0, 0, 0, 0, 0, 0, 0, 0, 0, 0, 0, 0, 0, 0, 0, 0, 0, 0, 0, 0, 0, 0]
2024-01-21 09:09:16,116:INFO:b [1, 1, 1, 1, 0, 0, 0, 0, 0, 0, 0, 0, 0, 0, 0, 0, 0, 0, 0, 0, 0, 0, 1, 0, 0, 0, 0, 0, 0, 0, 0, 0, 0, 0, 0, 0, 0, 0, 0, 0, 0, 0, 0, -4000, -4000, -4000, -4000, -4000, -4000, -4000, -4000, -4000, -4000, -4000, -4000, -4000, -4000, -4000, -4000, -4000, -4000, -4000, -4000]
2024-01-21 09:09:16,116:INFO:A [[1. 1. 0. ... 0. 0. 0.]
 [1. 1. 0. ... 0. 0. 0.]
 [0. 0. 0. ... 0. 0. 0.]
 ...
 [0. 0. 0. ... 1. 0. 0.]
 [0. 0. 0. ... 0. 1. 0.]
 [0. 0. 0. ... 0. 0. 1.]]
2024-01-21 09:09:17,144:INFO:len_X 42
2024-01-21 09:09:17,144:INFO:len_Constraints(except Non-negative constraints) 64
2024-01-21 09:09:17,144:INFO:size_c 106
2024-01-21 09:09:17,144:INFO:size_A [64, 106]
2024-01-21 09:09:17,144:INFO:size_b 64
2024-01-21 09:09:17,144:INFO:c [0, 0, -72.43904997412962, -72.43904997412962, -72.43904997412962, -7.503970242992551, -38.94699206614279, -38.94699206614279, -38.94699206614279, -52.54852718069416, -90.14758892253543, -90.14758892253543, -90.14758892253543, -15.677677365779173, -31.060619296730472, -31.060619296730472, -17.769983842940505, -17.769983842940505, -74.21906804047687, -74.21906804047687, -38.04903250134565, -38.04903250134565, -100.72530948667473, -100.72530948667473, -69.08240303928186, -69.08240303928186, -81.08797359930601, -81.08797359930601, -62.75916797461022, -62.75916797461022, -43.609601300436076, -43.609601300436076, -42.385623368624366, -42.385623368624366, -81.54921030880826, -81.54921030880826, -76.58170445401994, -76.58170445401994, -51.00466647538361, -51.00466647538361, -43.15502731427483, -43.15502731427483, 0, 0, 0, 0, 0, 0, 0, 0, 0, 0, 0, 0, 0, 0, 0, 0, 0, 0, 0, 0, 0, 0, 0, 0, 0, 0, 0, 0, 0, 0, 0, 0, 0, 0, 0, 0, 0, 0, 0, 0, 0, 0, 0, 0, 0, 0, 0, 0, 0, 0, 0, 0, 0, 0, 0, 0, 0, 0, 0, 0, 0, 0, 0, 0]
2024-01-21 09:09:17,144:INFO:b [1, 1, 1, 1, 1, 1, 0, 0, 0, 0, 0, 0, 0, 0, 0, 0, 0, 0, 0, 0, 0, 0, 0, 1, 0, 0, 0, 0, 0, 0, 0, 0, 0, 0, 0, 0, 0, 0, 0, 0, 0, 0, 0, 0, -4000, -4000, -4000, -4000, -4000, -4000, -4000, -4000, -4000, -4000, -4000, -4000, -4000, -4000, -4000, -4000, -4000, -4000, -4000, -4000]
2024-01-21 09:09:17,145:INFO:A [[1. 1. 0. ... 0. 0. 0.]
 [1. 1. 0. ... 0. 0. 0.]
 [1. 1. 0. ... 0. 0. 0.]
 ...
 [0. 0. 0. ... 1. 0. 0.]
 [0. 0. 0. ... 0. 1. 0.]
 [0. 0. 0. ... 0. 0. 1.]]
2024-01-21 09:09:18,169:INFO:len_X 42
2024-01-21 09:09:18,169:INFO:len_Constraints(except Non-negative constraints) 65
2024-01-21 09:09:18,169:INFO:size_c 107
2024-01-21 09:09:18,169:INFO:size_A [65, 107]
2024-01-21 09:09:18,169:INFO:size_b 65
2024-01-21 09:09:18,169:INFO:c [0, 0, -72.43904997412962, -72.43904997412962, -72.43904997412962, -7.503970242992551, -38.94699206614279, -38.94699206614279, -38.94699206614279, -52.54852718069416, -90.14758892253543, -90.14758892253543, -90.14758892253543, -15.677677365779173, -62.75916797461022, -62.75916797461022, -62.75916797461022, -43.609601300436076, -31.060619296730472, -31.060619296730472, -17.769983842940505, -17.769983842940505, -74.21906804047687, -74.21906804047687, -38.04903250134565, -38.04903250134565, -100.72530948667473, -100.72530948667473, -69.08240303928186, -69.08240303928186, -81.08797359930601, -81.08797359930601, -42.385623368624366, -42.385623368624366, -81.54921030880826, -81.54921030880826, -76.58170445401994, -76.58170445401994, -51.00466647538361, -51.00466647538361, -43.15502731427483, -43.15502731427483, 0, 0, 0, 0, 0, 0, 0, 0, 0, 0, 0, 0, 0, 0, 0, 0, 0, 0, 0, 0, 0, 0, 0, 0, 0, 0, 0, 0, 0, 0, 0, 0, 0, 0, 0, 0, 0, 0, 0, 0, 0, 0, 0, 0, 0, 0, 0, 0, 0, 0, 0, 0, 0, 0, 0, 0, 0, 0, 0, 0, 0, 0, 0, 0, 0]
2024-01-21 09:09:18,169:INFO:b [1, 1, 1, 1, 1, 1, 1, 1, 0, 0, 0, 0, 0, 0, 0, 0, 0, 0, 0, 0, 0, 0, 0, 0, 1, 0, 0, 0, 0, 0, 0, 0, 0, 0, 0, 0, 0, 0, 0, 0, 0, 0, 0, 0, 0, -4000, -4000, -4000, -4000, -4000, -4000, -4000, -4000, -4000, -4000, -4000, -4000, -4000, -4000, -4000, -4000, -4000, -4000, -4000, -4000]
2024-01-21 09:09:18,170:INFO:A [[1. 1. 0. ... 0. 0. 0.]
 [1. 1. 0. ... 0. 0. 0.]
 [1. 1. 0. ... 0. 0. 0.]
 ...
 [0. 0. 0. ... 1. 0. 0.]
 [0. 0. 0. ... 0. 1. 0.]
 [0. 0. 0. ... 0. 0. 1.]]
2024-01-21 09:09:19,271:INFO:len_X 42
2024-01-21 09:09:19,271:INFO:len_Constraints(except Non-negative constraints) 66
2024-01-21 09:09:19,271:INFO:size_c 108
2024-01-21 09:09:19,271:INFO:size_A [66, 108]
2024-01-21 09:09:19,271:INFO:size_b 66
2024-01-21 09:09:19,271:INFO:c [0, 0, -72.43904997412962, -72.43904997412962, -72.43904997412962, -7.503970242992551, -38.94699206614279, -38.94699206614279, -38.94699206614279, -52.54852718069416, -90.14758892253543, -90.14758892253543, -90.14758892253543, -15.677677365779173, -62.75916797461022, -62.75916797461022, -62.75916797461022, -43.609601300436076, -100.72530948667473, -100.72530948667473, -100.72530948667473, -42.385623368624366, -31.060619296730472, -31.060619296730472, -17.769983842940505, -17.769983842940505, -74.21906804047687, -74.21906804047687, -38.04903250134565, -38.04903250134565, -69.08240303928186, -69.08240303928186, -81.08797359930601, -81.08797359930601, -81.54921030880826, -81.54921030880826, -76.58170445401994, -76.58170445401994, -51.00466647538361, -51.00466647538361, -43.15502731427483, -43.15502731427483, 0, 0, 0, 0, 0, 0, 0, 0, 0, 0, 0, 0, 0, 0, 0, 0, 0, 0, 0, 0, 0, 0, 0, 0, 0, 0, 0, 0, 0, 0, 0, 0, 0, 0, 0, 0, 0, 0, 0, 0, 0, 0, 0, 0, 0, 0, 0, 0, 0, 0, 0, 0, 0, 0, 0, 0, 0, 0, 0, 0, 0, 0, 0, 0, 0, 0]
2024-01-21 09:09:19,271:INFO:b [1, 1, 1, 1, 1, 1, 1, 1, 1, 1, 0, 0, 0, 0, 0, 0, 0, 0, 0, 0, 0, 0, 0, 0, 0, 1, 0, 0, 0, 0, 0, 0, 0, 0, 0, 0, 0, 0, 0, 0, 0, 0, 0, 0, 0, 0, -4000, -4000, -4000, -4000, -4000, -4000, -4000, -4000, -4000, -4000, -4000, -4000, -4000, -4000, -4000, -4000, -4000, -4000, -4000, -4000]
2024-01-21 09:09:19,272:INFO:A [[1. 1. 0. ... 0. 0. 0.]
 [1. 1. 0. ... 0. 0. 0.]
 [1. 1. 0. ... 0. 0. 0.]
 ...
 [0. 0. 0. ... 1. 0. 0.]
 [0. 0. 0. ... 0. 1. 0.]
 [0. 0. 0. ... 0. 0. 1.]]
2024-01-21 09:09:20,441:INFO:len_X 42
2024-01-21 09:09:20,441:INFO:len_Constraints(except Non-negative constraints) 67
2024-01-21 09:09:20,441:INFO:size_c 109
2024-01-21 09:09:20,441:INFO:size_A [67, 109]
2024-01-21 09:09:20,441:INFO:size_b 67
2024-01-21 09:09:20,441:INFO:c [0, 0, -72.43904997412962, -72.43904997412962, -72.43904997412962, -7.503970242992551, -38.94699206614279, -38.94699206614279, -38.94699206614279, -52.54852718069416, -90.14758892253543, -90.14758892253543, -90.14758892253543, -15.677677365779173, -62.75916797461022, -62.75916797461022, -62.75916797461022, -43.609601300436076, -100.72530948667473, -100.72530948667473, -100.72530948667473, -42.385623368624366, -51.00466647538361, -51.00466647538361, -51.00466647538361, -43.15502731427483, -31.060619296730472, -31.060619296730472, -17.769983842940505, -17.769983842940505, -74.21906804047687, -74.21906804047687, -38.04903250134565, -38.04903250134565, -69.08240303928186, -69.08240303928186, -81.08797359930601, -81.08797359930601, -81.54921030880826, -81.54921030880826, -76.58170445401994, -76.58170445401994, 0, 0, 0, 0, 0, 0, 0, 0, 0, 0, 0, 0, 0, 0, 0, 0, 0, 0, 0, 0, 0, 0, 0, 0, 0, 0, 0, 0, 0, 0, 0, 0, 0, 0, 0, 0, 0, 0, 0, 0, 0, 0, 0, 0, 0, 0, 0, 0, 0, 0, 0, 0, 0, 0, 0, 0, 0, 0, 0, 0, 0, 0, 0, 0, 0, 0, 0]
2024-01-21 09:09:20,441:INFO:b [1, 1, 1, 1, 1, 1, 1, 1, 1, 1, 1, 1, 0, 0, 0, 0, 0, 0, 0, 0, 0, 0, 0, 0, 0, 0, 1, 0, 0, 0, 0, 0, 0, 0, 0, 0, 0, 0, 0, 0, 0, 0, 0, 0, 0, 0, 0, -4000, -4000, -4000, -4000, -4000, -4000, -4000, -4000, -4000, -4000, -4000, -4000, -4000, -4000, -4000, -4000, -4000, -4000, -4000, -4000]
2024-01-21 09:09:20,442:INFO:A [[1. 1. 0. ... 0. 0. 0.]
 [1. 1. 0. ... 0. 0. 0.]
 [1. 1. 0. ... 0. 0. 0.]
 ...
 [0. 0. 0. ... 1. 0. 0.]
 [0. 0. 0. ... 0. 1. 0.]
 [0. 0. 0. ... 0. 0. 1.]]
2024-01-21 09:09:21,766:INFO:len_X 42
2024-01-21 09:09:21,767:INFO:len_Constraints(except Non-negative constraints) 68
2024-01-21 09:09:21,767:INFO:size_c 110
2024-01-21 09:09:21,767:INFO:size_A [68, 110]
2024-01-21 09:09:21,767:INFO:size_b 68
2024-01-21 09:09:21,767:INFO:c [0, 0, -72.43904997412962, -72.43904997412962, -72.43904997412962, -7.503970242992551, -38.94699206614279, -38.94699206614279, -38.94699206614279, -52.54852718069416, -90.14758892253543, -90.14758892253543, -90.14758892253543, -15.677677365779173, -62.75916797461022, -62.75916797461022, -62.75916797461022, -43.609601300436076, -100.72530948667473, -100.72530948667473, -100.72530948667473, -42.385623368624366, -51.00466647538361, -51.00466647538361, -51.00466647538361, -43.15502731427483, -31.060619296730472, -31.060619296730472, -31.060619296730472, -81.08797359930601, -17.769983842940505, -17.769983842940505, -74.21906804047687, -74.21906804047687, -38.04903250134565, -38.04903250134565, -69.08240303928186, -69.08240303928186, -81.54921030880826, -81.54921030880826, -76.58170445401994, -76.58170445401994, 0, 0, 0, 0, 0, 0, 0, 0, 0, 0, 0, 0, 0, 0, 0, 0, 0, 0, 0, 0, 0, 0, 0, 0, 0, 0, 0, 0, 0, 0, 0, 0, 0, 0, 0, 0, 0, 0, 0, 0, 0, 0, 0, 0, 0, 0, 0, 0, 0, 0, 0, 0, 0, 0, 0, 0, 0, 0, 0, 0, 0, 0, 0, 0, 0, 0, 0, 0]
2024-01-21 09:09:21,767:INFO:b [1, 1, 1, 1, 1, 1, 1, 1, 1, 1, 1, 1, 1, 1, 0, 0, 0, 0, 0, 0, 0, 0, 0, 0, 0, 0, 0, 1, 0, 0, 0, 0, 0, 0, 0, 0, 0, 0, 0, 0, 0, 0, 0, 0, 0, 0, 0, 0, -4000, -4000, -4000, -4000, -4000, -4000, -4000, -4000, -4000, -4000, -4000, -4000, -4000, -4000, -4000, -4000, -4000, -4000, -4000, -4000]
2024-01-21 09:09:21,767:INFO:A [[1. 1. 0. ... 0. 0. 0.]
 [1. 1. 0. ... 0. 0. 0.]
 [1. 1. 0. ... 0. 0. 0.]
 ...
 [0. 0. 0. ... 1. 0. 0.]
 [0. 0. 0. ... 0. 1. 0.]
 [0. 0. 0. ... 0. 0. 1.]]
2024-01-21 09:09:23,179:INFO:len_X 42
2024-01-21 09:09:23,179:INFO:len_Constraints(except Non-negative constraints) 69
2024-01-21 09:09:23,179:INFO:size_c 111
2024-01-21 09:09:23,179:INFO:size_A [69, 111]
2024-01-21 09:09:23,179:INFO:size_b 69
2024-01-21 09:09:23,180:INFO:c [0, 0, -72.43904997412962, -72.43904997412962, -72.43904997412962, -7.503970242992551, -38.94699206614279, -38.94699206614279, -38.94699206614279, -52.54852718069416, -90.14758892253543, -90.14758892253543, -90.14758892253543, -15.677677365779173, -62.75916797461022, -62.75916797461022, -62.75916797461022, -43.609601300436076, -100.72530948667473, -100.72530948667473, -100.72530948667473, -42.385623368624366, -51.00466647538361, -51.00466647538361, -51.00466647538361, -43.15502731427483, -31.060619296730472, -31.060619296730472, -31.060619296730472, -81.08797359930601, -69.08240303928186, -69.08240303928186, -69.08240303928186, -74.21906804047687, -76.58170445401994, -76.58170445401994, -17.769983842940505, -17.769983842940505, -81.54921030880826, -81.54921030880826, -38.04903250134565, -38.04903250134565, 0, 0, 0, 0, 0, 0, 0, 0, 0, 0, 0, 0, 0, 0, 0, 0, 0, 0, 0, 0, 0, 0, 0, 0, 0, 0, 0, 0, 0, 0, 0, 0, 0, 0, 0, 0, 0, 0, 0, 0, 0, 0, 0, 0, 0, 0, 0, 0, 0, 0, 0, 0, 0, 0, 0, 0, 0, 0, 0, 0, 0, 0, 0, 0, 0, 0, 0, 0, 0]
2024-01-21 09:09:23,180:INFO:b [1, 1, 1, 1, 1, 1, 1, 1, 1, 1, 1, 1, 1, 1, 1, 1, 0, 0, 0, 0, 0, 0, 0, 0, 0, 0, 0, 0, 1, 0, 0, 0, 0, 0, 0, 0, 0, 0, 0, 0, 0, 0, 0, 0, 0, 0, 0, 0, 0, -4000, -4000, -4000, -4000, -4000, -4000, -4000, -4000, -4000, -4000, -4000, -4000, -4000, -4000, -4000, -4000, -4000, -4000, -4000, -4000]
2024-01-21 09:09:23,180:INFO:A [[1. 1. 0. ... 0. 0. 0.]
 [1. 1. 0. ... 0. 0. 0.]
 [1. 1. 0. ... 0. 0. 0.]
 ...
 [0. 0. 0. ... 1. 0. 0.]
 [0. 0. 0. ... 0. 1. 0.]
 [0. 0. 0. ... 0. 0. 1.]]
2024-01-21 09:09:24,643:INFO:len_X 42
2024-01-21 09:09:24,643:INFO:len_Constraints(except Non-negative constraints) 70
2024-01-21 09:09:24,643:INFO:size_c 112
2024-01-21 09:09:24,643:INFO:size_A [70, 112]
2024-01-21 09:09:24,643:INFO:size_b 70
2024-01-21 09:09:24,643:INFO:c [0, 0, -72.43904997412962, -72.43904997412962, -72.43904997412962, -7.503970242992551, -38.94699206614279, -38.94699206614279, -38.94699206614279, -52.54852718069416, -90.14758892253543, -90.14758892253543, -90.14758892253543, -15.677677365779173, -62.75916797461022, -62.75916797461022, -62.75916797461022, -43.609601300436076, -100.72530948667473, -100.72530948667473, -100.72530948667473, -42.385623368624366, -51.00466647538361, -51.00466647538361, -51.00466647538361, -43.15502731427483, -31.060619296730472, -31.060619296730472, -31.060619296730472, -81.08797359930601, -69.08240303928186, -69.08240303928186, -69.08240303928186, -74.21906804047687, -38.04903250134565, -38.04903250134565, -38.04903250134565, -76.58170445401994, -17.769983842940505, -17.769983842940505, -81.54921030880826, -81.54921030880826, 0, 0, 0, 0, 0, 0, 0, 0, 0, 0, 0, 0, 0, 0, 0, 0, 0, 0, 0, 0, 0, 0, 0, 0, 0, 0, 0, 0, 0, 0, 0, 0, 0, 0, 0, 0, 0, 0, 0, 0, 0, 0, 0, 0, 0, 0, 0, 0, 0, 0, 0, 0, 0, 0, 0, 0, 0, 0, 0, 0, 0, 0, 0, 0, 0, 0, 0, 0, 0, 0]
2024-01-21 09:09:24,643:INFO:b [1, 1, 1, 1, 1, 1, 1, 1, 1, 1, 1, 1, 1, 1, 1, 1, 1, 1, 0, 0, 0, 0, 0, 0, 0, 0, 0, 0, 0, 1, 0, 0, 0, 0, 0, 0, 0, 0, 0, 0, 0, 0, 0, 0, 0, 0, 0, 0, 0, 0, -4000, -4000, -4000, -4000, -4000, -4000, -4000, -4000, -4000, -4000, -4000, -4000, -4000, -4000, -4000, -4000, -4000, -4000, -4000, -4000]
2024-01-21 09:09:24,644:INFO:A [[1. 1. 0. ... 0. 0. 0.]
 [1. 1. 0. ... 0. 0. 0.]
 [1. 1. 0. ... 0. 0. 0.]
 ...
 [0. 0. 0. ... 1. 0. 0.]
 [0. 0. 0. ... 0. 1. 0.]
 [0. 0. 0. ... 0. 0. 1.]]
2024-01-21 09:09:26,218:INFO:len_X 42
2024-01-21 09:09:26,218:INFO:len_Constraints(except Non-negative constraints) 71
2024-01-21 09:09:26,218:INFO:size_c 113
2024-01-21 09:09:26,218:INFO:size_A [71, 113]
2024-01-21 09:09:26,218:INFO:size_b 71
2024-01-21 09:09:26,218:INFO:c [0, 0, -72.43904997412962, -72.43904997412962, -72.43904997412962, -7.503970242992551, -38.94699206614279, -38.94699206614279, -38.94699206614279, -52.54852718069416, -90.14758892253543, -90.14758892253543, -90.14758892253543, -15.677677365779173, -62.75916797461022, -62.75916797461022, -62.75916797461022, -43.609601300436076, -100.72530948667473, -100.72530948667473, -100.72530948667473, -42.385623368624366, -51.00466647538361, -51.00466647538361, -51.00466647538361, -43.15502731427483, -31.060619296730472, -31.060619296730472, -31.060619296730472, -81.08797359930601, -69.08240303928186, -69.08240303928186, -69.08240303928186, -74.21906804047687, -38.04903250134565, -38.04903250134565, -38.04903250134565, -76.58170445401994, -17.769983842940505, -17.769983842940505, -17.769983842940505, -81.54921030880826, 0, 0, 0, 0, 0, 0, 0, 0, 0, 0, 0, 0, 0, 0, 0, 0, 0, 0, 0, 0, 0, 0, 0, 0, 0, 0, 0, 0, 0, 0, 0, 0, 0, 0, 0, 0, 0, 0, 0, 0, 0, 0, 0, 0, 0, 0, 0, 0, 0, 0, 0, 0, 0, 0, 0, 0, 0, 0, 0, 0, 0, 0, 0, 0, 0, 0, 0, 0, 0, 0, 0]
2024-01-21 09:09:26,218:INFO:b [1, 1, 1, 1, 1, 1, 1, 1, 1, 1, 1, 1, 1, 1, 1, 1, 1, 1, 1, 1, 0, 0, 0, 0, 0, 0, 0, 0, 0, 0, 1, 0, 0, 0, 0, 0, 0, 0, 0, 0, 0, 0, 0, 0, 0, 0, 0, 0, 0, 0, 0, -4000, -4000, -4000, -4000, -4000, -4000, -4000, -4000, -4000, -4000, -4000, -4000, -4000, -4000, -4000, -4000, -4000, -4000, -4000, -4000]
2024-01-21 09:09:26,218:INFO:A [[1. 1. 0. ... 0. 0. 0.]
 [1. 1. 0. ... 0. 0. 0.]
 [1. 1. 0. ... 0. 0. 0.]
 ...
 [0. 0. 0. ... 1. 0. 0.]
 [0. 0. 0. ... 0. 1. 0.]
 [0. 0. 0. ... 0. 0. 1.]]
